# Push Log for recursive-liberation
# Generated by gitfield-sync

[2025-06-20T19:39:21Z] Local: , Branch=master, Commit=25ae078
  Diff Summary:
     docs/integrity.sha256.sig.4E27D37C358872BF | 0
     1 file changed, 0 insertions(+), 0 deletions(-)
[2025-06-21T02:44:23Z] Radicle: RID=rad:z3FEj7rF8gZw9eFksCuiN43qjzrex, Peer ID=z6Mkw5s3ppo26C7y7tGK5MD8n2GqTHS582PPpeX5Xqbu2Mpz, Branch=master, Commit=25ae078
  CLI: rad inspect rad:z3FEj7rF8gZw9eFksCuiN43qjzrex # View project details
  CLI: git ls-tree -r --name-only HEAD # View file structure
  Diff Summary:
     .gitfield/radicle.sigil.md | 67 ++++++++++++++++++++++++++++++++++++++++++++++
     1 file changed, 67 insertions(+)
[2025-06-21T02:44:45Z] Forgejo: https://remember.thefoldwithin.earth/mrhavens/recursive-liberation, Branch=master, Commit=25ae078
  Diff Summary:
     .gitfield/remember.sigil.md | 59 +++++++++++++++++++++++++++++++++++++++++++++
     1 file changed, 59 insertions(+)
[2025-06-21T02:45:08Z] Codeberg: https://codeberg.org/mrhavens/recursive-liberation, Branch=master, Commit=25ae078
  Diff Summary:
     .gitfield/codeberg.sigil.md | 59 +++++++++++++++++++++++++++++++++++++++++++++
     1 file changed, 59 insertions(+)
